This is TeX, Version 3.14159265 (TeX Live 2015) (preloaded format=tex 2016.2.18)  28 FEB 2016 11:00
**advent.tex
(./advent.tex (./cwebmac.tex
\PPbox=\box16
\MMbox=\box17
\MGbox=\box18
\MODbox=\box19
\bak=\box20
\bakk=\box21
\ind=\count26
\gdepth=\count27
\secpagedepth=\count28
\gtitle=\toks12
\intersecskip=\skip18
\toksA=\toks13
\toksB=\toks14
\toksC=\toks15
\toksD=\toks16
\toksE=\toks17
\toksF=\toks18
\usersanitizer=\toks19
\countA=\count29
\countB=\count30
\countC=\count31
\srcloc=\toks20
\pagewidth=\dimen16
\pageheight=\dimen17
\fullpageheight=\dimen18
\pageshift=\dimen19
\cont=\write0
\sbox=\box22
\lbox=\box23
\twodigits=\count32
) *1 [2
\openout0 = `advent.toc'.

] [3] *4 [4] [5] [6] [7] [8] [9]
Underfull \hbox (badness 4505) in paragraph at lines 575--578
[]$[][]\tenrm [[]] = 

\hbox(7.5+2.5)x469.75499, glue set 3.55908
.\kern 30.00005
.\hbox(0.0+0.0)x-20.00003
.\mathon
.\hbox(0.0+0.0)x0.0
.\hbox(6.94444+1.94444)x51.07555
..\tenit d
..\tenit e
..\tenit f
..\tenit a
..\tenit u
..etc.
.etc.

[10] [11] [12] [13] [14] *18 [15] [16] *21 [17] [18] [19] [20] [21] [22]
[23] [24] [25] [26] [27] [28] [29] [30] [31] [32] [33] [34] [35] [36] [37]
[38] [39] [40] [41] [42] [43] *63 [44] [45] [46] *69 [47] [48] [49] [50]
[51] *71 [52] [53] *74 [54] [55] [56] [57]
Underfull \hbox (badness 3780) in paragraph at lines 3488--3491
[][] []\tenrm []$[] = 

\hbox(7.5+2.5)x469.75499, glue set 3.35767
.\kern 30.00005
.\hbox(0.0+0.0)x-20.00003
.\hbox(6.94444+0.0)x22.08185
..\tenbf c
..\kern-0.31944
..\tenbf h
..\tenbf a
..\tenbf r
..etc.
.\glue 3.33333 plus 1.66666 minus 1.11111
.\hbox(6.94444+1.94444)x65.8721
..\tenit p
..\tenit i
..\tenit t
..\tenit c
..\tenit h
..etc.
.etc.

[58] [59] [60] *92 [61] [62] [63] [64] *104 [65] [66] [67] *116 [68] [69]
[70] [71] [72] [73] [74] [75] *140 [76] [77] [78] [79] [80] *154 [81] *159
[82] [83] [84] [85] [86] [87] [88] *177 [89] [90] [91] [92] *183 [93]
Underfull \hbox (badness 1776) in paragraph at lines 5761--5766
[][][][] 

\hbox(6.94444+1.11111)x439.75494, glue set 2.61256
.\hbox(0.0+0.0)x0.52502
..\kern 0.52502
.\kern -0.52502
.\hbox(5.30553+1.11111)x105.52411
..\tentt  
..\tentt  
..\tentt  
..\tentt  
..\tentt  
..etc.
.\kern -0.52502
.\hbox(6.94444+1.11111)x68.2494
..\tentt  
..\tentex P
..\tentex O
..\tentex O
..\tentex F
..etc.
.etc.

[94] [95] *193 [96]
Underfull \hbox (badness 1776) in paragraph at lines 5965--5981
[][][][] 

\hbox(6.94444+1.11111)x439.75494, glue set 2.61256
.\hbox(2.19444+1.11111)x95.0242
..\tentt  
..\tentt  
..\tentt  
..\tentt  
..\tentt  
..etc.
.\hbox(0.0+0.0)x-0.52502
..\kern -0.52502
.\hbox(6.94444+1.11111)x78.74931
..\tentt  
..\tentt  
..\tentt  
..\tentt  
..\tentt  
..etc.
.\discretionary
.\hbox(6.94444+0.8333)x5.24995
..\tentex \
.etc.

[97] [98] [99] *200 [100] *201 Index: (./advent.idx [101] [102] [103] [104]
[105] [106]) [107] Section names: (./advent.scn [108]) [109]
Table of contents: (./advent.toc) [0] )
Output written on advent.dvi (109 pages, 436948 bytes).
