This is TeX, Version 3.14159265 (TeX Live 2016) (preloaded format=tex 2016.6.8)  6 AUG 2016 15:28
**back-mxn-words-new.tex
(./back-mxn-words-new.tex
(/opt/texlive/2016/texmf-dist/tex/plain/cweb/cwebmac.tex
\PPbox=\box16
\MMbox=\box17
\MGbox=\box18
\MODbox=\box19
\bak=\box20
\bakk=\box21
\ind=\count26
\gdepth=\count27
\secpagedepth=\count28
\gtitle=\toks12
\intersecskip=\skip18
\toksA=\toks13
\toksB=\toks14
\toksC=\toks15
\toksD=\toks16
\toksE=\toks17
\toksF=\toks18
\usersanitizer=\toks19
\countA=\count29
\countB=\count30
\countC=\count31
\pagewidth=\dimen16
\pageheight=\dimen17
\fullpageheight=\dimen18
\pageshift=\dimen19
\cont=\write0
\sbox=\box22
\lbox=\box23
\twodigits=\count32
) *1 [2
\openout0 = `back-mxn-words-new.toc'.

] [3] [4]
[5] [6] [7] *12 Index: (./back-mxn-words-new.idx) [8] Section names:
(./back-mxn-words-new.scn) [9] Table of contents: (./back-mxn-words-new.toc)
[0] )
Output written on back-mxn-words-new.dvi (9 pages, 26916 bytes).
