This is TeX, Version 3.14159265 (TeX Live 2015) (preloaded format=tex 2016.2.18)  28 FEB 2016 11:15
**back-commafree4.tex
(./back-commafree4.tex (./cwebmac.tex
\PPbox=\box16
\MMbox=\box17
\MGbox=\box18
\MODbox=\box19
\bak=\box20
\bakk=\box21
\ind=\count26
\gdepth=\count27
\secpagedepth=\count28
\gtitle=\toks12
\intersecskip=\skip18
\toksA=\toks13
\toksB=\toks14
\toksC=\toks15
\toksD=\toks16
\toksE=\toks17
\toksF=\toks18
\usersanitizer=\toks19
\countA=\count29
\countB=\count30
\countC=\count31
\srcloc=\toks20
\pagewidth=\dimen16
\pageheight=\dimen17
\fullpageheight=\dimen18
\pageshift=\dimen19
\cont=\write0
\sbox=\box22
\lbox=\box23
\twodigits=\count32
) *1 [2
\openout0 = `back-commafree4.toc'.

] [3] *5 [4] [5] *9 [6] [7]
[8] [9] [10] *21 [11] [12] *24 [13] *28 [14] *32 [15] [16] [17] [18] [19]
[20] [21] [22] *47 Index: (./back-commafree4.idx [23]) [24] Section names:
(./back-commafree4.scn) [25] Table of contents: (./back-commafree4.toc)
[0] )
Output written on back-commafree4.dvi (25 pages, 118968 bytes).
