This is TeX, Version 3.14159265 (TeX Live 2015) (preloaded format=tex 2016.2.18)  28 FEB 2016 11:00
**back-dissect.tex
(./back-dissect.tex (./cwebmac.tex
\PPbox=\box16
\MMbox=\box17
\MGbox=\box18
\MODbox=\box19
\bak=\box20
\bakk=\box21
\ind=\count26
\gdepth=\count27
\secpagedepth=\count28
\gtitle=\toks12
\intersecskip=\skip18
\toksA=\toks13
\toksB=\toks14
\toksC=\toks15
\toksD=\toks16
\toksE=\toks17
\toksF=\toks18
\usersanitizer=\toks19
\countA=\count29
\countB=\count30
\countC=\count31
\srcloc=\toks20
\pagewidth=\dimen16
\pageheight=\dimen17
\fullpageheight=\dimen18
\pageshift=\dimen19
\cont=\write0
\sbox=\box22
\lbox=\box23
\twodigits=\count32
) *1 [2
\openout0 = `back-dissect.toc'.

] [3] *5 [4] [5] [6] [7] *12 [8]
[9] [10] [11] *23 [12] [13] [14] [15] [16] [17] *43 Index: (./back-dissect.idx
[18]) [19] Section names: (./back-dissect.scn) [20] Table of contents:
(./back-dissect.toc) [0] )
Output written on back-dissect.dvi (20 pages, 75148 bytes).
