This is TeX, Version 3.14159265 (TeX Live 2015) (preloaded format=tex 2016.2.18)  27 FEB 2016 10:27
**bdd15.tex
(./bdd15.tex (./cwebmac.tex
\PPbox=\box16
\MMbox=\box17
\MGbox=\box18
\MODbox=\box19
\bak=\box20
\bakk=\box21
\ind=\count26
\gdepth=\count27
\secpagedepth=\count28
\gtitle=\toks12
\intersecskip=\skip18
\toksA=\toks13
\toksB=\toks14
\toksC=\toks15
\toksD=\toks16
\toksE=\toks17
\toksF=\toks18
\usersanitizer=\toks19
\countA=\count29
\countB=\count30
\countC=\count31
\srcloc=\toks20
\pagewidth=\dimen16
\pageheight=\dimen17
\fullpageheight=\dimen18
\pageshift=\dimen19
\cont=\write0
\sbox=\box22
\lbox=\box23
\twodigits=\count32
) *1 [2
\openout0 = `bdd15.toc'.

] [3] [4] [5] *12 [6] [7] [8] *20 [9]
[10] [11] [12] [13] [14] [15] [16] [17] *40 [18] [19] [20] [21] [22] [23] *52
[24] [25] [26] [27] [28] [29] [30] [31] [32] *74 [33] [34] [35] [36] [37]
[38] [39] [40] [41] [42] [43] [44] [45] [46] [47] [48] *97 [49] [50] [51]
[52] [53] [54] [55] *105 [56] [57] *108 [58] [59] [60] [61] [62] [63] *128
[64] [65] [66] [67] [68] [69] [70] [71] [72] [73] *153 [74] *157 [75] [76]
*162 Index: (./bdd15.idx [77] [78] [79]) [80] Section names: (./bdd15.scn
[81]) [82] Table of contents: (./bdd15.toc) [0] )
Output written on bdd15.dvi (82 pages, 328992 bytes).
