This is TeX, Version 3.14159265 (TeX Live 2015) (preloaded format=tex 2016.2.18)  28 FEB 2016 11:15
**bdd14.tex
(./bdd14.tex (./cwebmac.tex
\PPbox=\box16
\MMbox=\box17
\MGbox=\box18
\MODbox=\box19
\bak=\box20
\bakk=\box21
\ind=\count26
\gdepth=\count27
\secpagedepth=\count28
\gtitle=\toks12
\intersecskip=\skip18
\toksA=\toks13
\toksB=\toks14
\toksC=\toks15
\toksD=\toks16
\toksE=\toks17
\toksF=\toks18
\usersanitizer=\toks19
\countA=\count29
\countB=\count30
\countC=\count31
\srcloc=\toks20
\pagewidth=\dimen16
\pageheight=\dimen17
\fullpageheight=\dimen18
\pageshift=\dimen19
\cont=\write0
\sbox=\box22
\lbox=\box23
\twodigits=\count32
) *1 [2
\openout0 = `bdd14.toc'.

] [3] [4] [5] *11 [6] [7] [8] *20 [9]
[10] [11] [12] [13] [14] [15] *39 [16] [17] [18] [19] [20] [21] *51 [22]
[23] [24] [25] [26] [27] [28] [29] [30] *73 [31] [32] [33] [34] *81 [35]
[36] [37] [38] [39] *91 [40] [41] [42] [43] *99 [44] [45] *106 [46] [47] *110
[48] [49] [50] [51] [52] [53] [54] *130 [55] [56] [57] [58] [59] [60] [61]
[62] [63] [64] *156 [65] *160 [66] [67] *165 Index: (./bdd14.idx [68] [69]
[70]) [71] Section names: (./bdd14.scn [72]) [73] Table of contents:
(./bdd14.toc) [0] )
Output written on bdd14.dvi (73 pages, 458392 bytes).
