This is TeX, Version 3.14159265 (TeX Live 2015) (preloaded format=tex 2016.2.18)  27 FEB 2016 10:19
**bdd12.tex
(./bdd12.tex (./cwebmac.tex
\PPbox=\box16
\MMbox=\box17
\MGbox=\box18
\MODbox=\box19
\bak=\box20
\bakk=\box21
\ind=\count26
\gdepth=\count27
\secpagedepth=\count28
\gtitle=\toks12
\intersecskip=\skip18
\toksA=\toks13
\toksB=\toks14
\toksC=\toks15
\toksD=\toks16
\toksE=\toks17
\toksF=\toks18
\usersanitizer=\toks19
\countA=\count29
\countB=\count30
\countC=\count31
\pagewidth=\dimen16
\pageheight=\dimen17
\fullpageheight=\dimen18
\pageshift=\dimen19
\cont=\write0
\sbox=\box22
\lbox=\box23
\twodigits=\count32
) *1 [2
\openout0 = `bdd12.toc'.

] [3] *3 [4] [5] [6] *8 [7] [8] *15 [9]
[10] *20 [11] [12] [13] [14] [15] *29 Index: (./bdd12.idx) [16] Section names:
(./bdd12.scn) [17] Table of contents: (./bdd12.toc) [0] )
Output written on bdd12.dvi (17 pages, 57796 bytes).
