This is CWEAVE, Version 3.64 (TeX Live 2016)
*1*3*12
Writing the output file...*1*3*12
Writing the index...
Done.
(No errors were found.)
This is CWEAVE, Version 3.64 (TeX Live 2016)
*1*3*25
Writing the output file...*1*3*25
Writing the index...
Done.
(No errors were found.)
This is CWEAVE, Version 3.64 (TeX Live 2016)
*1*7*11
Writing the output file...*1*7*11
Writing the index...
Done.
(No errors were found.)
This is CWEAVE, Version 3.64 (TeX Live 2016)
*1*7*13
Writing the output file...*1*7*13
Writing the index...
Done.
(No errors were found.)
This is CWEAVE, Version 3.64 (TeX Live 2016)
*1*7*18
Writing the output file...*1*7*18
Writing the index...
Done.
(No errors were found.)
This is CWEAVE, Version 3.64 (TeX Live 2016)
*1*6*17
Writing the output file...*1*6*17
Writing the index...
Done.
(No errors were found.)
This is CWEAVE, Version 3.64 (TeX Live 2016)
*1*8*23
Writing the output file...*1*8*23
Writing the index...
Done.
(No errors were found.)
This is CWEAVE, Version 3.64 (TeX Live 2016)
*1*4*21
Writing the output file...*1*4*21
Writing the index...
Done.
(No errors were found.)
This is CWEAVE, Version 3.64 (TeX Live 2016)
*1*2
Writing the output file...*1*2
Writing the index...
Done.
(No errors were found.)
This is CWEAVE, Version 3.64 (TeX Live 2016)
*1*4*18*21*63*69*71*74*92*104*116*140*154*159*177*183*193*200*201
Writing the output file...*1*4*18*21*63*69*71*74*92*104*116*140*154*159*177*183*193*200*201
Writing the index...
Done.
(No errors were found.)
This is CWEAVE, Version 3.64 (TeX Live 2016)
*1*3*7*23*48
Writing the output file...*1*3*7*23*48
Writing the index...
Done.
(No errors were found.)
This is CWEAVE, Version 3.64 (TeX Live 2016)
*1*2*10*27
Writing the output file...*1*2*10*27
Writing the index...
Done.
(No errors were found.)
This is CWEAVE, Version 3.64 (TeX Live 2016)
*1*4*12*18*56
Writing the output file...*1*4*12*18*56
Writing the index...
Done.
(No errors were found.)
This is CWEAVE, Version 3.64 (TeX Live 2016)
*1*5*9*21*24*28*32*47
! Never used: <Reject |x| if it violates the restricted growth condition>
Writing the output file...*1*5*9*21*24*28*32*47
Writing the index...
Done.
(Did you see the warning message above?)
This is CWEAVE, Version 3.64 (TeX Live 2016)
*1*5*12*23*43
Writing the output file...*1*5*12*23*43
Writing the index...
Done.
(No errors were found.)
This is CWEAVE, Version 3.64 (TeX Live 2016)
*1*12
Writing the output file...*1*12
Writing the index...
Done.
(No errors were found.)
This is CWEAVE, Version 3.64 (TeX Live 2016)
*1*12
Writing the output file...*1*12
Writing the index...
Done.
(No errors were found.)
This is CWEAVE, Version 3.64 (TeX Live 2016)
*1*4*11*23
Writing the output file...*1*4*11*23
Writing the index...
Done.
(No errors were found.)
This is CWEAVE, Version 3.64 (TeX Live 2016)
*1*6*12*19*35*41
Writing the output file...*1*6*12*19*35*41
Writing the index...
Done.
(No errors were found.)
This is CWEAVE, Version 3.64 (TeX Live 2016)
*1*3*8*15*20*29
Writing the output file...*1*3*8*15*20*29
Writing the index...
Done.
(No errors were found.)
This is CWEAVE, Version 3.64 (TeX Live 2016)
*1*11*20*39*51*73*81*91*99*106*110*130*156*160*165
Writing the output file...*1*11*20*39*51*73*81*91*99*106*110*130*156*160*165
Writing the index...
Done.
(No errors were found.)
This is CWEAVE, Version 3.64 (TeX Live 2016)
*1*12*20*40*52*74*97*105*108*128*153*157*162
Writing the output file...*1*12*20*40*52*74*97*105*108*128*153*157*162
Writing the index...
Done.
(No errors were found.)
This is CWEAVE, Version 3.64 (TeX Live 2016)
*1*2
Writing the output file...*1*2
Writing the index...
Done.
(No errors were found.)
This is CWEAVE, Version 3.64 (TeX Live 2016)
*1*23
Writing the output file...*1*23
Writing the index...
Done.
(No errors were found.)
This is CWEAVE, Version 3.64 (TeX Live 2016)
*1*8
Writing the output file...*1*8
Writing the index...
Done.
(No errors were found.)
This is CWEAVE, Version 3.64 (TeX Live 2016)
*1*3*9
Writing the output file...*1*3*9
Writing the index...
Done.
(No errors were found.)
This is CWEAVE, Version 3.64 (TeX Live 2016)
*1*3*8
Writing the output file...*1*3*8
Writing the index...
Done.
(No errors were found.)
This is CWEAVE, Version 3.64 (TeX Live 2016)
*1*3*7*12*24
Writing the output file...*1*3*7*12*24
Writing the index...
Done.
(No errors were found.)
This is CWEAVE, Version 3.64 (TeX Live 2016)
*1*2*8*12*29*38
Writing the output file...*1*2*8*12*29*38
Writing the index...
Done.
(No errors were found.)
This is CWEAVE, Version 3.64 (TeX Live 2016)
*1*5
Writing the output file...*1*5
Writing the index...
Done.
(No errors were found.)
This is CWEAVE, Version 3.64 (TeX Live 2016)
*1*7
Writing the output file...*1*7
Writing the index...
Done.
(No errors were found.)
This is CWEAVE, Version 3.64 (TeX Live 2016)
*1*7*10*15*18
Writing the output file...*1*7*10*15*18
Writing the index...
Done.
(No errors were found.)
This is CWEAVE, Version 3.64 (TeX Live 2016)
*1*27*37*40
Writing the output file...*1*27*37*40
Writing the index...
Done.
(No errors were found.)
This is CWEAVE, Version 3.64 (TeX Live 2016)
*1*2*11*19
Writing the output file...*1*2*11*19
Writing the index...
Done.
(No errors were found.)
This is CWEAVE, Version 3.64 (TeX Live 2016)
*1*19
Writing the output file...*1*19
Writing the index...
Done.
(No errors were found.)
This is CWEAVE, Version 3.64 (TeX Live 2016)
*1*6
Writing the output file...*1*6
Writing the index...
Done.
(No errors were found.)
This is CWEAVE, Version 3.64 (TeX Live 2016)
*1*13
Writing the output file...*1*13
Writing the index...
Done.
(No errors were found.)
This is CWEAVE, Version 3.64 (TeX Live 2016)
*1*2*4*5*6
Writing the output file...*1*2*4*5*6
Writing the index...
Done.
(No errors were found.)
This is CWEAVE, Version 3.64 (TeX Live 2016)
*1*6*9*10
Writing the output file...*1*6*9*10
Writing the index...
Done.
(No errors were found.)
This is CWEAVE, Version 3.64 (TeX Live 2016)
*1*9
Writing the output file...*1*9
Writing the index...
Done.
(No errors were found.)
This is CWEAVE, Version 3.64 (TeX Live 2016)

Writing the output file...
Writing the index...
Done.
(No errors were found.)
This is CWEAVE, Version 3.64 (TeX Live 2016)
*1*3*7*12*24*28*29
Writing the output file...*1*3*7*12*24*28*29
Writing the index...
Done.
(No errors were found.)
This is CWEAVE, Version 3.64 (TeX Live 2016)
*1*7
Writing the output file...*1*7
Writing the index...
Done.
(No errors were found.)
This is CWEAVE, Version 3.64 (TeX Live 2016)
*1*4*6*16*18
Writing the output file...*1*4*6*16*18
Writing the index...
Done.
(No errors were found.)
This is CWEAVE, Version 3.64 (TeX Live 2016)
*1*4*9*18*19*25*31*39*47*51
Writing the output file...*1*4*9*18*19*25*31*39*47*51
Writing the index...
Done.
(No errors were found.)
This is CWEAVE, Version 3.64 (TeX Live 2016)
*1*8*13
Writing the output file...*1*8*13
Writing the index...
Done.
(No errors were found.)
This is CWEAVE, Version 3.64 (TeX Live 2016)
*1*4*14*24*32*36*40
Writing the output file...*1*4*14*24*32*36*40
Writing the index...
Done.
(No errors were found.)
This is CWEAVE, Version 3.64 (TeX Live 2016)
*1*4*10
Writing the output file...*1*4*10
Writing the index...
Done.
(No errors were found.)
This is CWEAVE, Version 3.64 (TeX Live 2016)
*1*7*20
Writing the output file...*1*7*20
Writing the index...
Done.
(No errors were found.)
This is CWEAVE, Version 3.64 (TeX Live 2016)
*1*3*7*11
Writing the output file...*1*3*7*11
Writing the index...
Done.
(No errors were found.)
This is CWEAVE, Version 3.64 (TeX Live 2016)
*1*3*10*19
Writing the output file...*1*3*10*19
Writing the index...
Done.
(No errors were found.)
This is CWEAVE, Version 3.64 (TeX Live 2016)
*1*3*10*17
Writing the output file...*1*3*10*17
Writing the index...
Done.
(No errors were found.)
This is CWEAVE, Version 3.64 (TeX Live 2016)
*1*3*8*13
Writing the output file...*1*3*8*13
Writing the index...
Done.
(No errors were found.)
This is CWEAVE, Version 3.64 (TeX Live 2016)
*1*3*10*17
Writing the output file...*1*3*10*17
Writing the index...
Done.
(No errors were found.)
This is CWEAVE, Version 3.64 (TeX Live 2016)
*1*2*10*13*17*18*19*20
Writing the output file...*1*2*10*13*17*18*19*20
Writing the index...
Done.
(No errors were found.)
This is CWEAVE, Version 3.64 (TeX Live 2016)
*1*4*14*24
! Never used: <Print out the whole lnode structure>
Writing the output file...*1*4*14*24
Writing the index...
Done.
(Did you see the warning message above?)
This is CWEAVE, Version 3.64 (TeX Live 2016)
*1*9
Writing the output file...*1*9
Writing the index...
Done.
(No errors were found.)
This is CWEAVE, Version 3.64 (TeX Live 2016)
*1*4
Writing the output file...*1*4
Writing the index...
Done.
(No errors were found.)
This is CWEAVE, Version 3.64 (TeX Live 2016)
*1*17*20*29*46*58*62*63
Writing the output file...*1*17*20*29*46*58*62*63
Writing the index...
Done.
(No errors were found.)
This is CWEAVE, Version 3.64 (TeX Live 2016)
*1*5*13*19*21*25
Writing the output file...*1*5*13*19*21*25
Writing the index...
Done.
(No errors were found.)
This is CWEAVE, Version 3.64 (TeX Live 2016)
*1*4
Writing the output file...*1*4
Writing the index...
Done.
(No errors were found.)
This is CWEAVE, Version 3.64 (TeX Live 2016)
*1*6*10
Writing the output file...*1*6*10
Writing the index...
Done.
(No errors were found.)
This is CWEAVE, Version 3.64 (TeX Live 2016)
*1*5*11*20*22*29*30
Writing the output file...*1*5*11*20*22*29*30
Writing the index...
Done.
(No errors were found.)
This is CWEAVE, Version 3.64 (TeX Live 2016)
*1*5*8*10*21*32*44*51*65
Writing the output file...*1*5*8*10*21*32*44*51*65
Writing the index...
Done.
(No errors were found.)
This is CWEAVE, Version 3.64 (TeX Live 2016)
*1*13
Writing the output file...*1*13
Writing the index...
Done.
(No errors were found.)
This is CWEAVE, Version 3.64 (TeX Live 2016)
*1*8*19*53*77*84*97*105*109*114
Writing the output file...*1*8*19*53*77*84*97*105*109*114
Writing the index...
Done.
(No errors were found.)
This is CWEAVE, Version 3.64 (TeX Live 2016)
*1*13
Writing the output file...*1*13
Writing the index...
Done.
(No errors were found.)
This is CWEAVE, Version 3.64 (TeX Live 2016)
*1*7*17*26*30
Writing the output file...*1*7*17*26*30
Writing the index...
Done.
(No errors were found.)
This is CWEAVE, Version 3.64 (TeX Live 2016)
*1*13
Writing the output file...*1*13
Writing the index...
Done.
(No errors were found.)
This is CWEAVE, Version 3.64 (TeX Live 2016)
*1*2
Writing the output file...*1*2
Writing the index...
Done.
(No errors were found.)
This is CWEAVE, Version 3.64 (TeX Live 2016)
*1*10
Writing the output file...*1*10
Writing the index...
Done.
(No errors were found.)
This is CWEAVE, Version 3.64 (TeX Live 2016)
*1*5*13*22*26*27*33
Writing the output file...*1*5*13*22*26*27*33
Writing the index...
Done.
(No errors were found.)
This is CWEAVE, Version 3.64 (TeX Live 2016)
*1*5*12*20
Writing the output file...*1*5*12*20
Writing the index...
Done.
(No errors were found.)
This is CWEAVE, Version 3.64 (TeX Live 2016)
*1*7
Writing the output file...*1*7
Writing the index...
Done.
(No errors were found.)
This is CWEAVE, Version 3.64 (TeX Live 2016)
*1*7
Writing the output file...*1*7
Writing the index...
Done.
(No errors were found.)
This is CWEAVE, Version 3.64 (TeX Live 2016)
*1*6
Writing the output file...*1*6
Writing the index...
Done.
(No errors were found.)
This is CWEAVE, Version 3.64 (TeX Live 2016)

Writing the output file...
Writing the index...
Done.
(No errors were found.)
This is CWEAVE, Version 3.64 (TeX Live 2016)
*1*10
Writing the output file...*1*10
Writing the index...
Done.
(No errors were found.)
This is CWEAVE, Version 3.64 (TeX Live 2016)
*1*6
Writing the output file...*1*6
Writing the index...
Done.
(No errors were found.)
This is CWEAVE, Version 3.64 (TeX Live 2016)
*1*5*22*30*39*46
Writing the output file...*1*5*22*30*39*46
Writing the index...
Done.
(No errors were found.)
This is CWEAVE, Version 3.64 (TeX Live 2016)
*1*5*22*30*36*40
Writing the output file...*1*5*22*30*36*40
Writing the index...
Done.
(No errors were found.)
This is CWEAVE, Version 3.64 (TeX Live 2016)
*1*5*23*33*40*50
Writing the output file...*1*5*23*33*40*50
Writing the index...
Done.
(No errors were found.)
This is CWEAVE, Version 3.64 (TeX Live 2016)
*1*5*23*36*48*59*80*87*103*115*122*139*150*153
Writing the output file...*1*5*23*36*48*59*80*87*103*115*122*139*150*153
Writing the index...
Done.
(No errors were found.)
This is CWEAVE, Version 3.64 (TeX Live 2016)
*1*4*22*30
Writing the output file...*1*4*22*30
Writing the index...
Done.
(No errors were found.)
This is CWEAVE, Version 3.64 (TeX Live 2016)
*1*6*23*40*53*57*61*65*66*91*99
Writing the output file...*1*6*23*40*53*57*61*65*66*91*99
Writing the index...
Done.
(No errors were found.)
This is CWEAVE, Version 3.64 (TeX Live 2016)
*1*9*26*45*58*70*85*99*109*124*141
Writing the output file...*1*9*26*45*58*70*85*99*109*124*141
Writing the index...
Done.
(No errors were found.)
This is CWEAVE, Version 3.64 (TeX Live 2016)
*1*6*23*29*37*49
Writing the output file...*1*6*23*29*37*49
Writing the index...
Done.
(No errors were found.)
This is CWEAVE, Version 3.64 (TeX Live 2016)
*1*6*23*28*35*42*55
Writing the output file...*1*6*23*28*35*42*55
Writing the index...
Done.
(No errors were found.)
This is CWEAVE, Version 3.64 (TeX Live 2016)
*1*10
Writing the output file...*1*10
Writing the index...
Done.
(No errors were found.)
This is CWEAVE, Version 3.64 (TeX Live 2016)
*1*15
Writing the output file...*1*15
Writing the index...
Done.
(No errors were found.)
This is CWEAVE, Version 3.64 (TeX Live 2016)
*1*4*21*26
Writing the output file...*1*4*21*26
Writing the index...
Done.
(No errors were found.)
This is CWEAVE, Version 3.64 (TeX Live 2016)
*1*5*19*39*45*48
Writing the output file...*1*5*19*39*45*48
Writing the index...
Done.
(No errors were found.)
This is CWEAVE, Version 3.64 (TeX Live 2016)
*1*5
Writing the output file...*1*5
Writing the index...
Done.
(No errors were found.)
This is CWEAVE, Version 3.64 (TeX Live 2016)
*1*3*16*34*37
Writing the output file...*1*3*16*34*37
Writing the index...
Done.
(No errors were found.)
This is CWEAVE, Version 3.64 (TeX Live 2016)
*1*5*11
Writing the output file...*1*5*11
Writing the index...
Done.
(No errors were found.)
This is CWEAVE, Version 3.64 (TeX Live 2016)
*1*5*16
Writing the output file...*1*5*16
Writing the index...
Done.
(No errors were found.)
This is CWEAVE, Version 3.64 (TeX Live 2016)
*1*6
Writing the output file...*1*6
Writing the index...
Done.
(No errors were found.)
This is CWEAVE, Version 3.64 (TeX Live 2016)
*1*5*17
Writing the output file...*1*5*17
Writing the index...
Done.
(No errors were found.)
This is CWEAVE, Version 3.64 (TeX Live 2016)
*1*7*14*25*36*39*51*67
Writing the output file...*1*7*14*25*36*39*51*67
Writing the index...
Done.
(No errors were found.)
This is CWEAVE, Version 3.64 (TeX Live 2016)
*1*6*19*39*42*46*58
Writing the output file...*1*6*19*39*42*46*58
Writing the index...
Done.
(No errors were found.)
This is CWEAVE, Version 3.64 (TeX Live 2016)
*1*8
Writing the output file...*1*8
Writing the index...
Done.
(No errors were found.)
This is CWEAVE, Version 3.64 (TeX Live 2016)
*1*14*24*34
Writing the output file...*1*14*24*34
Writing the index...
Done.
(No errors were found.)
This is CWEAVE, Version 3.64 (TeX Live 2016)
*1*2*16*21*29*32*33
Writing the output file...*1*2*16*21*29*32*33
Writing the index...
Done.
(No errors were found.)
This is CWEAVE, Version 3.64 (TeX Live 2016)
*1*7
Writing the output file...*1*7
Writing the index...
Done.
(No errors were found.)
This is CWEAVE, Version 3.64 (TeX Live 2016)
*1*3*7*11*23*26
Writing the output file...*1*3*7*11*23*26
Writing the index...
Done.
(No errors were found.)
This is CWEAVE, Version 3.64 (TeX Live 2016)
*1*6*11*16*20
Writing the output file...*1*6*11*16*20
Writing the index...
Done.
(No errors were found.)
This is CWEAVE, Version 3.64 (TeX Live 2016)
*1*2*7*11*18*23
Writing the output file...*1*2*7*11*18*23
Writing the index...
Done.
(No errors were found.)
This is CWEAVE, Version 3.64 (TeX Live 2016)
*1*5
Writing the output file...*1*5
Writing the index...
Done.
(No errors were found.)
This is CWEAVE, Version 3.64 (TeX Live 2016)
*1*2*11*17*21*26*28*44*50*60*64
Writing the output file...*1*2*11*17*21*26*28*44*50*60*64
Writing the index...
Done.
(No errors were found.)
This is CWEAVE, Version 3.64 (TeX Live 2016)
*1*12*15*18*24*29*33*35
Writing the output file...*1*12*15*18*24*29*33*35
Writing the index...
Done.
(No errors were found.)
This is CWEAVE, Version 3.64 (TeX Live 2016)
*1*5
Writing the output file...*1*5
Writing the index...
Done.
(No errors were found.)
This is CWEAVE, Version 3.64 (TeX Live 2016)
*1*2
Writing the output file...*1*2
Writing the index...
Done.
(No errors were found.)
This is CWEAVE, Version 3.64 (TeX Live 2016)
*1*5*14
Writing the output file...*1*5*14
Writing the index...
Done.
(No errors were found.)
This is CWEAVE, Version 3.64 (TeX Live 2016)
*1*7
Writing the output file...*1*7
Writing the index...
Done.
(No errors were found.)
This is CWEAVE, Version 3.64 (TeX Live 2016)
*1*7
Writing the output file...*1*7
Writing the index...
Done.
(No errors were found.)
This is CWEAVE, Version 3.64 (TeX Live 2016)
*1*7
Writing the output file...*1*7
Writing the index...
Done.
(No errors were found.)
This is CWEAVE, Version 3.64 (TeX Live 2016)
*1*13
Writing the output file...*1*13
Writing the index...
Done.
(No errors were found.)
This is CWEAVE, Version 3.64 (TeX Live 2016)
*1*6*10*14
Writing the output file...*1*6*10*14
Writing the index...
Done.
(No errors were found.)
This is CWEAVE, Version 3.64 (TeX Live 2016)
*1*3*7*12*24*28*29
Writing the output file...*1*3*7*12*24*28*29
Writing the index...
Done.
(No errors were found.)
This is CWEAVE, Version 3.64 (TeX Live 2016)
*1*5
Writing the output file...*1*5
Writing the index...
Done.
(No errors were found.)
This is CWEAVE, Version 3.64 (TeX Live 2016)
*1*4*11*14*18
Writing the output file...*1*4*11*14*18
Writing the index...
Done.
(No errors were found.)
