This is TeX, Version 3.14159265 (TeX Live 2015) (preloaded format=tex 2016.2.18)  27 FEB 2016 10:12
**grayspspan.tex
(./grayspspan.tex (./cwebmac.tex
\PPbox=\box16
\MMbox=\box17
\MGbox=\box18
\MODbox=\box19
\bak=\box20
\bakk=\box21
\ind=\count26
\gdepth=\count27
\secpagedepth=\count28
\gtitle=\toks12
\intersecskip=\skip18
\toksA=\toks13
\toksB=\toks14
\toksC=\toks15
\toksD=\toks16
\toksE=\toks17
\toksF=\toks18
\usersanitizer=\toks19
\countA=\count29
\countB=\count30
\countC=\count31
\pagewidth=\dimen16
\pageheight=\dimen17
\fullpageheight=\dimen18
\pageshift=\dimen19
\cont=\write0
\sbox=\box22
\lbox=\box23
\twodigits=\count32
) *1 [2
\openout0 = `grayspspan.toc'.

] [3] *4 [4] [5] *9 [6] [7] [8] [9] *18
[10] *19 [11] [12] [13] *25 [14] [15] [16] *31 [17] [18] [19] [20] [21] *39
[22] [23] [24] [25] [26] *47 [27] [28] *51 Index: (./grayspspan.idx [29])
[30] Section names: (./grayspspan.scn) [31] Table of contents:
(./grayspspan.toc) [0] )
Output written on grayspspan.dvi (31 pages, 121216 bytes).
