This is TeX, Version 3.14159265 (TeX Live 2015) (preloaded format=tex 2016.2.18)  27 FEB 2016 10:27
**prime-sieve-sparse.tex
(./prime-sieve-sparse.tex (./cwebmac.tex
\PPbox=\box16
\MMbox=\box17
\MGbox=\box18
\MODbox=\box19
\bak=\box20
\bakk=\box21
\ind=\count26
\gdepth=\count27
\secpagedepth=\count28
\gtitle=\toks12
\intersecskip=\skip18
\toksA=\toks13
\toksB=\toks14
\toksC=\toks15
\toksD=\toks16
\toksE=\toks17
\toksF=\toks18
\usersanitizer=\toks19
\countA=\count29
\countB=\count30
\countC=\count31
\srcloc=\toks20
\pagewidth=\dimen16
\pageheight=\dimen17
\fullpageheight=\dimen18
\pageshift=\dimen19
\cont=\write0
\sbox=\box22
\lbox=\box23
\twodigits=\count32
) *1 [2
\openout0 = `prime-sieve-sparse.toc'.

] [3] [4] [5] *5 [6] [7]
[8] *13 [9] [10] [11] *22 [12] [13] *26 [14] *27 [15] [16] *33 Index:
(./prime-sieve-sparse.idx) [17] Section names: (./prime-sieve-sparse.scn)
[18] Table of contents: (./prime-sieve-sparse.toc) [0] )
Output written on prime-sieve-sparse.dvi (18 pages, 70296 bytes).
