This is TeX, Version 3.14159265 (TeX Live 2015) (preloaded format=tex 2016.2.18)  27 FEB 2016 10:16
**sat-to-dimacs.tex
(./sat-to-dimacs.tex (./cwebmac.tex
\PPbox=\box16
\MMbox=\box17
\MGbox=\box18
\MODbox=\box19
\bak=\box20
\bakk=\box21
\ind=\count26
\gdepth=\count27
\secpagedepth=\count28
\gtitle=\toks12
\intersecskip=\skip18
\toksA=\toks13
\toksB=\toks14
\toksC=\toks15
\toksD=\toks16
\toksE=\toks17
\toksF=\toks18
\usersanitizer=\toks19
\countA=\count29
\countB=\count30
\countC=\count31
\pagewidth=\dimen16
\pageheight=\dimen17
\fullpageheight=\dimen18
\pageshift=\dimen19
\cont=\write0
\sbox=\box22
\lbox=\box23
\twodigits=\count32
) *1 [2
\openout0 = `sat-to-dimacs.toc'.

] [3] *4 [4] [5] [6] [7] [8] [9]
[10] *21 [11] *26 Index: (./sat-to-dimacs.idx) [12] Section names:
(./sat-to-dimacs.scn) [13] Table of contents: (./sat-to-dimacs.toc) [0] )
Output written on sat-to-dimacs.dvi (13 pages, 43236 bytes).
