This is TeX, Version 3.14159265 (TeX Live 2016) (preloaded format=tex 2016.6.8)  6 AUG 2016 15:28
**sat10.tex
(./sat10.tex (/opt/texlive/2016/texmf-dist/tex/plain/cweb/cwebmac.tex
\PPbox=\box16
\MMbox=\box17
\MGbox=\box18
\MODbox=\box19
\bak=\box20
\bakk=\box21
\ind=\count26
\gdepth=\count27
\secpagedepth=\count28
\gtitle=\toks12
\intersecskip=\skip18
\toksA=\toks13
\toksB=\toks14
\toksC=\toks15
\toksD=\toks16
\toksE=\toks17
\toksF=\toks18
\usersanitizer=\toks19
\countA=\count29
\countB=\count30
\countC=\count31
\pagewidth=\dimen16
\pageheight=\dimen17
\fullpageheight=\dimen18
\pageshift=\dimen19
\cont=\write0
\sbox=\box22
\lbox=\box23
\twodigits=\count32
) *1
[2
\openout0 = `sat10.toc'.

] [3] [4] [5] *5 [6] [7] [8] [9] [10] [11] [12] *23 [13] [14] [15] *33
[16] [17] [18] *40 [19] [20] [21] [22] [23] [24] *50 Index: (./sat10.idx
[25]) [26] Section names: (./sat10.scn) [27] Table of contents: (./sat10.toc)
[0] )
Output written on sat10.dvi (27 pages, 101724 bytes).
