This is TeX, Version 3.14159265 (TeX Live 2016) (preloaded format=tex 2016.6.8)  6 AUG 2016 15:28
**sat12.tex
(./sat12.tex (/opt/texlive/2016/texmf-dist/tex/plain/cweb/cwebmac.tex
\PPbox=\box16
\MMbox=\box17
\MGbox=\box18
\MODbox=\box19
\bak=\box20
\bakk=\box21
\ind=\count26
\gdepth=\count27
\secpagedepth=\count28
\gtitle=\toks12
\intersecskip=\skip18
\toksA=\toks13
\toksB=\toks14
\toksC=\toks15
\toksD=\toks16
\toksE=\toks17
\toksF=\toks18
\usersanitizer=\toks19
\countA=\count29
\countB=\count30
\countC=\count31
\pagewidth=\dimen16
\pageheight=\dimen17
\fullpageheight=\dimen18
\pageshift=\dimen19
\cont=\write0
\sbox=\box22
\lbox=\box23
\twodigits=\count32
) *1
[2
\openout0 = `sat12.toc'.

] [3] [4] [5] [6] *6 [7] [8] [9] [10] [11] [12] [13] *23 [14] [15] [16]
[17] [18] [19] [20] *40 [21] [22] [23] [24] [25] *53 [26] [27] *57 [28]
[29] *61 [30] [31] *65 [32] *66 [33] [34] [35] [36] [37] [38] [39] [40]
[41] *91 [42] [43] [44] *99 Index: (./sat12.idx [45] [46]) [47] Section names:
(./sat12.scn [48]) [49] Table of contents: (./sat12.toc) [0] )
Output written on sat12.dvi (49 pages, 193936 bytes).
