This is TeX, Version 3.14159265 (TeX Live 2016) (preloaded format=tex 2016.6.8)  6 AUG 2016 15:28
**sat13.tex
(./sat13.tex (/opt/texlive/2016/texmf-dist/tex/plain/cweb/cwebmac.tex
\PPbox=\box16
\MMbox=\box17
\MGbox=\box18
\MODbox=\box19
\bak=\box20
\bakk=\box21
\ind=\count26
\gdepth=\count27
\secpagedepth=\count28
\gtitle=\toks12
\intersecskip=\skip18
\toksA=\toks13
\toksB=\toks14
\toksC=\toks15
\toksD=\toks16
\toksE=\toks17
\toksF=\toks18
\usersanitizer=\toks19
\countA=\count29
\countB=\count30
\countC=\count31
\pagewidth=\dimen16
\pageheight=\dimen17
\fullpageheight=\dimen18
\pageshift=\dimen19
\cont=\write0
\sbox=\box22
\lbox=\box23
\twodigits=\count32
) *1
[2
\openout0 = `sat13.toc'.

] [3] [4] [5] [6] [7] *9 [8] [9] [10] [11] [12] [13] [14] *26 [15] [16]
[17] [18] [19] [20] [21] [22] [23] [24] [25] [26] *45 [27] [28] [29] [30]
[31] [32] *58 [33] [34] [35] [36] [37] *70 [38] [39] [40] [41] [42] [43] *85
[44] [45] [46] [47] [48] *99 [49] [50] [51] [52] [53] [54] *109 [55] [56]
[57] [58] [59] [60] [61] *124 [62] [63] [64] [65] [66] [67] [68] [69] [70]
[71] *141 Index: (./sat13.idx [72] [73] [74]) [75] Section names: (./sat13.scn
[76] [77]) [78] Table of contents: (./sat13.toc) [0] )
Output written on sat13.dvi (78 pages, 320676 bytes).
