This is TeX, Version 3.14159265 (TeX Live 2015) (preloaded format=tex 2016.2.18)  27 FEB 2016 10:16
**sat11.tex
(./sat11.tex (./cwebmac.tex
\PPbox=\box16
\MMbox=\box17
\MGbox=\box18
\MODbox=\box19
\bak=\box20
\bakk=\box21
\ind=\count26
\gdepth=\count27
\secpagedepth=\count28
\gtitle=\toks12
\intersecskip=\skip18
\toksA=\toks13
\toksB=\toks14
\toksC=\toks15
\toksD=\toks16
\toksE=\toks17
\toksF=\toks18
\usersanitizer=\toks19
\countA=\count29
\countB=\count30
\countC=\count31
\pagewidth=\dimen16
\pageheight=\dimen17
\fullpageheight=\dimen18
\pageshift=\dimen19
\cont=\write0
\sbox=\box22
\lbox=\box23
\twodigits=\count32
) *1 [2
\openout0 = `sat11.toc'.

] [3] [4] [5] [6] *5 [7] [8] [9] [10]
[11] [12] [13] *23 [14] [15] [16] [17] [18] [19] [20] *36 [21] [22] [23]
[24] [25] [26] *48 [27] [28] [29] [30] [31] *59 [32] [33] [34] [35] [36]
[37] [38] [39] [40] *80 [41] [42] [43] *87 [44] [45] [46] [47] [48] [49] *103
[50] [51] [52] [53] [54] *115 [55] [56] [57] *122 [58] [59] [60] [61] [62]
[63] [64] *139 [65] [66] [67] [68] [69] *150 [70] *153 Index: (./sat11.idx
[71] [72] [73]) [74] Section names: (./sat11.scn [75] [76]) [77]
Table of contents: (./sat11.toc) [0] )
Output written on sat11.dvi (77 pages, 338056 bytes).
