This is TeX, Version 3.14159265 (TeX Live 2015) (preloaded format=tex 2016.2.18)  27 FEB 2016 10:27
**sat9.tex
(./sat9.tex (./cwebmac.tex
\PPbox=\box16
\MMbox=\box17
\MGbox=\box18
\MODbox=\box19
\bak=\box20
\bakk=\box21
\ind=\count26
\gdepth=\count27
\secpagedepth=\count28
\gtitle=\toks12
\intersecskip=\skip18
\toksA=\toks13
\toksB=\toks14
\toksC=\toks15
\toksD=\toks16
\toksE=\toks17
\toksF=\toks18
\usersanitizer=\toks19
\countA=\count29
\countB=\count30
\countC=\count31
\srcloc=\toks20
\pagewidth=\dimen16
\pageheight=\dimen17
\fullpageheight=\dimen18
\pageshift=\dimen19
\cont=\write0
\sbox=\box22
\lbox=\box23
\twodigits=\count32
) *1 [2
\openout0 = `sat9.toc'.

] [3] [4] *6 [5] [6] [7] [8] [9] [10] [11]
*23 [12] [13] *28 [14] [15] *35 [16] [17] [18] [19] *42 [20] [21] [22] [23]
[24] [25] *55 Index: (./sat9.idx [26]) [27] Section names: (./sat9.scn)
[28] Table of contents: (./sat9.toc) [0] )
Output written on sat9.dvi (28 pages, 109416 bytes).
