This is TeX, Version 3.14159265 (TeX Live 2015) (preloaded format=tex 2016.2.18)  28 FEB 2016 11:05
**setset.tex
(./setset.tex (./cwebmac.tex
\PPbox=\box16
\MMbox=\box17
\MGbox=\box18
\MODbox=\box19
\bak=\box20
\bakk=\box21
\ind=\count26
\gdepth=\count27
\secpagedepth=\count28
\gtitle=\toks12
\intersecskip=\skip18
\toksA=\toks13
\toksB=\toks14
\toksC=\toks15
\toksD=\toks16
\toksE=\toks17
\toksF=\toks18
\usersanitizer=\toks19
\countA=\count29
\countB=\count30
\countC=\count31
\srcloc=\toks20
\pagewidth=\dimen16
\pageheight=\dimen17
\fullpageheight=\dimen18
\pageshift=\dimen19
\cont=\write0
\sbox=\box22
\lbox=\box23
\twodigits=\count32
) *1 [2
\openout0 = `setset.toc'.

] *3 [3] [4] [5] [6] *16 [7] [8] [9]
[10] [11] *34 [12] *37 Index: (./setset.idx) [13] Section names: (./setset.scn)
[14] Table of contents: (./setset.toc) [0] )
Output written on setset.dvi (14 pages, 54900 bytes).
