This is TeX, Version 3.14159265 (TeX Live 2015) (preloaded format=tex 2016.2.18)  28 FEB 2016 11:16
**squaregraph-rand.tex
(./squaregraph-rand.tex (./cwebmac.tex
\PPbox=\box16
\MMbox=\box17
\MGbox=\box18
\MODbox=\box19
\bak=\box20
\bakk=\box21
\ind=\count26
\gdepth=\count27
\secpagedepth=\count28
\gtitle=\toks12
\intersecskip=\skip18
\toksA=\toks13
\toksB=\toks14
\toksC=\toks15
\toksD=\toks16
\toksE=\toks17
\toksF=\toks18
\usersanitizer=\toks19
\countA=\count29
\countB=\count30
\countC=\count31
\srcloc=\toks20
\pagewidth=\dimen16
\pageheight=\dimen17
\fullpageheight=\dimen18
\pageshift=\dimen19
\cont=\write0
\sbox=\box22
\lbox=\box23
\twodigits=\count32
) *1 [2
\openout0 = `squaregraph-rand.toc'.

] [3] *7 Index:
(./squaregraph-rand.idx) [4] Section names: (./squaregraph-rand.scn) [5]
Table of contents: (./squaregraph-rand.toc) [0] )
Output written on squaregraph-rand.dvi (5 pages, 14044 bytes).
