This is TeX, Version 3.14159265 (TeX Live 2016) (preloaded format=tex 2016.6.8)  6 AUG 2016 15:28
**squaregraph.tex
(./squaregraph.tex (/opt/texlive/2016/texmf-dist/tex/plain/cweb/cwebmac.tex
\PPbox=\box16
\MMbox=\box17
\MGbox=\box18
\MODbox=\box19
\bak=\box20
\bakk=\box21
\ind=\count26
\gdepth=\count27
\secpagedepth=\count28
\gtitle=\toks12
\intersecskip=\skip18
\toksA=\toks13
\toksB=\toks14
\toksC=\toks15
\toksD=\toks16
\toksE=\toks17
\toksF=\toks18
\usersanitizer=\toks19
\countA=\count29
\countB=\count30
\countC=\count31
\pagewidth=\dimen16
\pageheight=\dimen17
\fullpageheight=\dimen18
\pageshift=\dimen19
\cont=\write0
\sbox=\box22
\lbox=\box23
\twodigits=\count32
)
*1 [2
\openout0 = `squaregraph.toc'.

] [3] *3 [4] [5] *7 [6] *11 [7] [8] [9] [10] *23 [11] *26 Index:
(./squaregraph.idx) [12] Section names: (./squaregraph.scn) [13]
Table of contents: (./squaregraph.toc) [0] )
Output written on squaregraph.dvi (13 pages, 44512 bytes).
