This is TeX, Version 3.14159265 (TeX Live 2016) (preloaded format=tex 2016.6.8)  6 AUG 2016 15:28
**tcalc.tex
(./tcalc.tex (/opt/texlive/2016/texmf-dist/tex/plain/cweb/cwebmac.tex
\PPbox=\box16
\MMbox=\box17
\MGbox=\box18
\MODbox=\box19
\bak=\box20
\bakk=\box21
\ind=\count26
\gdepth=\count27
\secpagedepth=\count28
\gtitle=\toks12
\intersecskip=\skip18
\toksA=\toks13
\toksB=\toks14
\toksC=\toks15
\toksD=\toks16
\toksE=\toks17
\toksF=\toks18
\usersanitizer=\toks19
\countA=\count29
\countB=\count30
\countC=\count31
\pagewidth=\dimen16
\pageheight=\dimen17
\fullpageheight=\dimen18
\pageshift=\dimen19
\cont=\write0
\sbox=\box22
\lbox=\box23
\twodigits=\count32
) *1
[2
\openout0 = `tcalc.toc'.

] [3] *2 [4] [5] *11 [6] [7] *17 [8] [9] *21 [10] [11] *26 [12] *28 [13]
[14] [15] [16] [17] *44 [18] [19] *50 [20] [21] [22] [23] [24] *60 [25] *64
Index: (./tcalc.idx [26]) [27] Section names: (./tcalc.scn) [28]
Table of contents: (./tcalc.toc) [0] )
Output written on tcalc.dvi (28 pages, 91048 bytes).
